<?xml version="1.0" encoding="UTF-8"?>
<!-- Generated by org.testng.reporters.JUnitXMLReporter -->
<testsuite ignored="0" hostname="DESKTOP-ATPU6BA" failures="2" tests="5" name="Test" time="39.628" errors="0" timestamp="22 Nov 2024 05:26:26 GMT">
  <testcase classname="testCases.TC003_logingDDT" name="verify_LogingDDT" time="2.404"/>
  <testcase classname="testCases.TC003_logingDDT" name="verify_LogingDDT" time="6.775"/>
  <testcase classname="testCases.TC003_logingDDT" name="verify_LogingDDT" time="6.771">
    <failure type="java.lang.AssertionError" message="expected [true] but found [false]">
      <![CDATA[java.lang.AssertionError: expected [true] but found [false]
at testCases.TC003_logingDDT.verify_LogingDDT(TC003_logingDDT.java:53)
... Removed 29 stack frames]]>
    </failure>
  </testcase> <!-- verify_LogingDDT -->
  <testcase classname="testCases.TC003_logingDDT" name="verify_LogingDDT" time="6.964"/>
  <testcase classname="testCases.TC003_logingDDT" name="verify_LogingDDT" time="6.979">
    <failure type="java.lang.AssertionError" message="expected [true] but found [false]">
      <![CDATA[java.lang.AssertionError: expected [true] but found [false]
at testCases.TC003_logingDDT.verify_LogingDDT(TC003_logingDDT.java:53)
... Removed 29 stack frames]]>
    </failure>
  </testcase> <!-- verify_LogingDDT -->
</testsuite> <!-- Test -->
