<?xml version="1.0" encoding="UTF-8"?>
<testng-results ignored="0" total="2" passed="2" failed="0" skipped="0">
  <reporter-output>
  </reporter-output>
  <suite started-at="2024-11-30T06:26:27Z" name="master Suite" finished-at="2024-11-30T06:26:40Z" duration-ms="13124">
    <groups>
      <group name="Master">
        <method signature="TC001_AccountRigistrationTest.verify_account_rigistration()[pri:0, instance:testCases.TC001_AccountRigistrationTest@7d9e8ef7]" name="verify_account_rigistration" class="testCases.TC001_AccountRigistrationTest"/>
        <method signature="TC002LoginTest.Verify_login()[pri:0, instance:testCases.TC002LoginTest@f107c50]" name="Verify_login" class="testCases.TC002LoginTest"/>
      </group> <!-- Master -->
      <group name="Sanity">
        <method signature="TC002LoginTest.Verify_login()[pri:0, instance:testCases.TC002LoginTest@f107c50]" name="Verify_login" class="testCases.TC002LoginTest"/>
      </group> <!-- Sanity -->
      <group name="Regression">
        <method signature="TC001_AccountRigistrationTest.verify_account_rigistration()[pri:0, instance:testCases.TC001_AccountRigistrationTest@7d9e8ef7]" name="verify_account_rigistration" class="testCases.TC001_AccountRigistrationTest"/>
      </group> <!-- Regression -->
    </groups>
    <test started-at="2024-11-30T06:26:27Z" name="Test" finished-at="2024-11-30T06:26:40Z" duration-ms="13124">
      <class name="testCases.TC001_AccountRigistrationTest">
        <test-method is-config="true" signature="setUp(java.lang.String, java.lang.String)[pri:0, instance:testCases.TC001_AccountRigistrationTest@7d9e8ef7]" started-at="2024-11-30T06:26:27Z" name="setUp" finished-at="2024-11-30T06:26:33Z" duration-ms="5952" status="PASS">
          <params>
            <param index="0">
              <value>
                <![CDATA[window]]>
              </value>
            </param>
            <param index="1">
              <value>
                <![CDATA[chrome]]>
              </value>
            </param>
          </params>
          <reporter-output>
          </reporter-output>
        </test-method> <!-- setUp -->
        <test-method signature="verify_account_rigistration()[pri:0, instance:testCases.TC001_AccountRigistrationTest@7d9e8ef7]" started-at="2024-11-30T06:26:33Z" name="verify_account_rigistration" finished-at="2024-11-30T06:26:35Z" duration-ms="1796" status="PASS">
          <reporter-output>
          </reporter-output>
        </test-method> <!-- verify_account_rigistration -->
        <test-method is-config="true" signature="tearDown()[pri:0, instance:testCases.TC001_AccountRigistrationTest@7d9e8ef7]" started-at="2024-11-30T06:26:35Z" name="tearDown" finished-at="2024-11-30T06:26:36Z" duration-ms="727" status="PASS">
          <reporter-output>
          </reporter-output>
        </test-method> <!-- tearDown -->
      </class> <!-- testCases.TC001_AccountRigistrationTest -->
      <class name="testCases.TC002LoginTest">
        <test-method is-config="true" signature="setUp(java.lang.String, java.lang.String)[pri:0, instance:testCases.TC002LoginTest@f107c50]" started-at="2024-11-30T06:26:36Z" name="setUp" finished-at="2024-11-30T06:26:38Z" duration-ms="2136" status="PASS">
          <params>
            <param index="0">
              <value>
                <![CDATA[window]]>
              </value>
            </param>
            <param index="1">
              <value>
                <![CDATA[chrome]]>
              </value>
            </param>
          </params>
          <reporter-output>
          </reporter-output>
        </test-method> <!-- setUp -->
        <test-method signature="Verify_login()[pri:0, instance:testCases.TC002LoginTest@f107c50]" started-at="2024-11-30T06:26:38Z" name="Verify_login" finished-at="2024-11-30T06:26:40Z" duration-ms="1476" status="PASS">
          <reporter-output>
          </reporter-output>
        </test-method> <!-- Verify_login -->
        <test-method is-config="true" signature="tearDown()[pri:0, instance:testCases.TC002LoginTest@f107c50]" started-at="2024-11-30T06:26:40Z" name="tearDown" finished-at="2024-11-30T06:26:40Z" duration-ms="722" status="PASS">
          <reporter-output>
          </reporter-output>
        </test-method> <!-- tearDown -->
      </class> <!-- testCases.TC002LoginTest -->
    </test> <!-- Test -->
  </suite> <!-- master Suite -->
</testng-results>
