<?xml version="1.0" encoding="UTF-8"?>
<testng-results ignored="0" total="2" passed="2" failed="0" skipped="0">
  <reporter-output>
  </reporter-output>
  <suite started-at="2024-11-29T06:53:58Z" name="Suite" finished-at="2024-11-29T06:54:14Z" duration-ms="16140">
    <groups>
      <group name="Master">
        <method signature="TC001_AccountRigistrationTest.verify_account_rigistration()[pri:0, instance:testCases.TC001_AccountRigistrationTest@79dc5318]" name="verify_account_rigistration" class="testCases.TC001_AccountRigistrationTest"/>
        <method signature="TC002LoginTest.Verify_login()[pri:0, instance:testCases.TC002LoginTest@8e50104]" name="Verify_login" class="testCases.TC002LoginTest"/>
      </group> <!-- Master -->
      <group name="Sanity">
        <method signature="TC002LoginTest.Verify_login()[pri:0, instance:testCases.TC002LoginTest@8e50104]" name="Verify_login" class="testCases.TC002LoginTest"/>
      </group> <!-- Sanity -->
      <group name="Regression">
        <method signature="TC001_AccountRigistrationTest.verify_account_rigistration()[pri:0, instance:testCases.TC001_AccountRigistrationTest@79dc5318]" name="verify_account_rigistration" class="testCases.TC001_AccountRigistrationTest"/>
      </group> <!-- Regression -->
    </groups>
    <test started-at="2024-11-29T06:53:58Z" name="Linux-Chrome" finished-at="2024-11-29T06:54:14Z" duration-ms="16140">
      <class name="testCases.TC001_AccountRigistrationTest">
        <test-method is-config="true" signature="setUp(java.lang.String, java.lang.String)[pri:0, instance:testCases.TC001_AccountRigistrationTest@79dc5318]" started-at="2024-11-29T06:53:58Z" name="setUp" finished-at="2024-11-29T06:54:03Z" duration-ms="4544" status="PASS">
          <params>
            <param index="0">
              <value>
                <![CDATA[Linux]]>
              </value>
            </param>
            <param index="1">
              <value>
                <![CDATA[chrome]]>
              </value>
            </param>
          </params>
          <reporter-output>
          </reporter-output>
        </test-method> <!-- setUp -->
        <test-method signature="verify_account_rigistration()[pri:0, instance:testCases.TC001_AccountRigistrationTest@79dc5318]" started-at="2024-11-29T06:54:03Z" name="verify_account_rigistration" finished-at="2024-11-29T06:54:05Z" duration-ms="2001" status="PASS">
          <reporter-output>
          </reporter-output>
        </test-method> <!-- verify_account_rigistration -->
        <test-method is-config="true" signature="tearDown()[pri:0, instance:testCases.TC001_AccountRigistrationTest@79dc5318]" started-at="2024-11-29T06:54:05Z" name="tearDown" finished-at="2024-11-29T06:54:06Z" duration-ms="718" status="PASS">
          <reporter-output>
          </reporter-output>
        </test-method> <!-- tearDown -->
      </class> <!-- testCases.TC001_AccountRigistrationTest -->
      <class name="testCases.TC002LoginTest">
        <test-method is-config="true" signature="setUp(java.lang.String, java.lang.String)[pri:0, instance:testCases.TC002LoginTest@8e50104]" started-at="2024-11-29T06:54:06Z" name="setUp" finished-at="2024-11-29T06:54:12Z" duration-ms="6179" status="PASS">
          <params>
            <param index="0">
              <value>
                <![CDATA[Linux]]>
              </value>
            </param>
            <param index="1">
              <value>
                <![CDATA[chrome]]>
              </value>
            </param>
          </params>
          <reporter-output>
          </reporter-output>
        </test-method> <!-- setUp -->
        <test-method signature="Verify_login()[pri:0, instance:testCases.TC002LoginTest@8e50104]" started-at="2024-11-29T06:54:12Z" name="Verify_login" finished-at="2024-11-29T06:54:14Z" duration-ms="1594" status="PASS">
          <reporter-output>
          </reporter-output>
        </test-method> <!-- Verify_login -->
        <test-method is-config="true" signature="tearDown()[pri:0, instance:testCases.TC002LoginTest@8e50104]" started-at="2024-11-29T06:54:14Z" name="tearDown" finished-at="2024-11-29T06:54:14Z" duration-ms="782" status="PASS">
          <reporter-output>
          </reporter-output>
        </test-method> <!-- tearDown -->
      </class> <!-- testCases.TC002LoginTest -->
    </test> <!-- Linux-Chrome -->
  </suite> <!-- Suite -->
</testng-results>
